<?xml version="1.0" encoding="UTF-8"?>
<!-- Generated by org.testng.reporters.JUnitReportReporter -->
<testsuite hostname="DESKTOP-H8ME9J4" failures="0" tests="14" name="tests.BookHotelTests" time="45.578" errors="0" timestamp="2023-07-10T10:34:15 IST" skipped="0">
  <testcase classname="tests.BookHotelTests" name="testVisitMakeMyTrip" time="12.430"/>
  <system-out/>
  <testcase classname="tests.BookHotelTests" name="testVisitMakeMyTrip" time="13.116"/>
  <system-out/>
  <testcase classname="tests.BookHotelTests" name="testHandleModal" time="1.611"/>
  <system-out/>
  <testcase classname="tests.BookHotelTests" name="testHandleModal" time="2.161"/>
  <system-out/>
  <testcase classname="tests.BookHotelTests" name="testClickHotelBtn" time="1.054"/>
  <system-out/>
  <testcase classname="tests.BookHotelTests" name="testClickHotelBtn" time="1.216"/>
  <system-out/>
  <testcase classname="tests.BookHotelTests" name="testRoomsNGuest" time="1.068"/>
  <system-out/>
  <testcase classname="tests.BookHotelTests" name="testRoomsNGuest" time="0.933"/>
  <system-out/>
  <testcase classname="tests.BookHotelTests" name="testAdultsNo" time="0.786"/>
  <system-out/>
  <testcase classname="tests.BookHotelTests" name="testAdultsNo" time="0.961"/>
  <system-out/>
  <testcase classname="tests.BookHotelTests" name="testListAdult" time="2.173"/>
  <system-out/>
  <testcase classname="tests.BookHotelTests" name="testListAdult" time="2.041"/>
  <system-out/>
  <testcase classname="tests.BookHotelTests" name="testNavigateBack" time="2.660"/>
  <system-out/>
  <testcase classname="tests.BookHotelTests" name="testNavigateBack" time="3.368"/>
  <system-out/>
</testsuite> <!-- tests.BookHotelTests -->
