<?xml version="1.0" encoding="UTF-8"?>
<!-- Generated by org.testng.reporters.JUnitReportReporter -->
<testsuite hostname="DESKTOP-H8ME9J4" failures="0" tests="30" name="tests.LowCabFareTests" time="80.458" errors="0" timestamp="2023-07-10T10:34:15 IST" skipped="0">
  <testcase classname="tests.LowCabFareTests" name="testVisitMakeMyTrip" time="14.850"/>
  <system-out/>
  <testcase classname="tests.LowCabFareTests" name="testVisitMakeMyTrip" time="12.270"/>
  <system-out/>
  <testcase classname="tests.LowCabFareTests" name="testHandleModal" time="1.860"/>
  <system-out/>
  <testcase classname="tests.LowCabFareTests" name="testHandleModal" time="1.740"/>
  <system-out/>
  <testcase classname="tests.LowCabFareTests" name="testClickCabsLink" time="0.967"/>
  <system-out/>
  <testcase classname="tests.LowCabFareTests" name="testClickCabsLink" time="1.246"/>
  <system-out/>
  <testcase classname="tests.LowCabFareTests" name="testClickOneWayOutstationLink" time="1.353"/>
  <system-out/>
  <testcase classname="tests.LowCabFareTests" name="testClickOneWayOutstationLink" time="1.371"/>
  <system-out/>
  <testcase classname="tests.LowCabFareTests" name="testClickSourceLink" time="0.853"/>
  <system-out/>
  <testcase classname="tests.LowCabFareTests" name="testClickSourceLink" time="0.808"/>
  <system-out/>
  <testcase classname="tests.LowCabFareTests" name="testEnterDestination" time="6.030"/>
  <system-out/>
  <testcase classname="tests.LowCabFareTests" name="testEnterDestination" time="6.438"/>
  <system-out/>
  <testcase classname="tests.LowCabFareTests" name="testClickNextMonthLink" time="0.604"/>
  <system-out/>
  <testcase classname="tests.LowCabFareTests" name="testClickNextMonthLink" time="0.644"/>
  <system-out/>
  <testcase classname="tests.LowCabFareTests" name="testClickDateSelectorLink" time="0.629"/>
  <system-out/>
  <testcase classname="tests.LowCabFareTests" name="testClickDateSelectorLink" time="0.472"/>
  <system-out/>
  <testcase classname="tests.LowCabFareTests" name="testClickTimePickerLink" time="1.146"/>
  <system-out/>
  <testcase classname="tests.LowCabFareTests" name="testClickTimePickerLink" time="1.565"/>
  <system-out/>
  <testcase classname="tests.LowCabFareTests" name="testClickApplyLink" time="1.373"/>
  <system-out/>
  <testcase classname="tests.LowCabFareTests" name="testClickApplyLink" time="0.567"/>
  <system-out/>
  <testcase classname="tests.LowCabFareTests" name="testClickSearchLink" time="6.705"/>
  <system-out/>
  <testcase classname="tests.LowCabFareTests" name="testClickSearchLink" time="4.278"/>
  <system-out/>
  <testcase classname="tests.LowCabFareTests" name="testClickSortLink" time="3.507"/>
  <system-out/>
  <testcase classname="tests.LowCabFareTests" name="testClickSortLink" time="2.296"/>
  <system-out/>
  <testcase classname="tests.LowCabFareTests" name="testSelectSuv" time="0.563"/>
  <system-out/>
  <testcase classname="tests.LowCabFareTests" name="testSelectSuv" time="1.025"/>
  <system-out/>
  <testcase classname="tests.LowCabFareTests" name="testClickLowestFare" time="0.661"/>
  <system-out/>
  <testcase classname="tests.LowCabFareTests" name="testClickLowestFare" time="0.523"/>
  <system-out/>
  <testcase classname="tests.LowCabFareTests" name="testGetPrice" time="2.904"/>
  <system-out/>
  <testcase classname="tests.LowCabFareTests" name="testGetPrice" time="1.210"/>
  <system-out/>
</testsuite> <!-- tests.LowCabFareTests -->
