<?xml version="1.0" encoding="UTF-8"?>
<!-- Generated by org.testng.reporters.JUnitReportReporter -->
<testsuite hostname="DESKTOP-H8ME9J4" failures="0" tests="10" name="tests.GiftCardTests" time="41.668" errors="0" timestamp="2023-07-10T10:34:15 IST" skipped="0">
  <testcase classname="tests.GiftCardTests" name="testVisitMakeMyTrip" time="14.253"/>
  <system-out/>
  <testcase classname="tests.GiftCardTests" name="testVisitMakeMyTrip" time="12.287"/>
  <system-out/>
  <testcase classname="tests.GiftCardTests" name="testSelectingCard" time="3.844"/>
  <system-out/>
  <testcase classname="tests.GiftCardTests" name="testSelectingCard" time="2.282"/>
  <system-out/>
  <testcase classname="tests.GiftCardTests" name="testSendingKeys" time="3.790"/>
  <system-out/>
  <testcase classname="tests.GiftCardTests" name="testSendingKeys" time="2.934"/>
  <system-out/>
  <testcase classname="tests.GiftCardTests" name="testSubmitting" time="0.660"/>
  <system-out/>
  <testcase classname="tests.GiftCardTests" name="testSubmitting" time="0.592"/>
  <system-out/>
  <testcase classname="tests.GiftCardTests" name="testShowError" time="0.471"/>
  <system-out/>
  <testcase classname="tests.GiftCardTests" name="testShowError" time="0.555"/>
  <system-out/>
</testsuite> <!-- tests.GiftCardTests -->
